Flow report for ISWEARTOCHRIST
Thu May 02 17:58:21 2019
Quartus Prime Version 18.1.0 Build 625 09/12/2018 SJ Lite Edition


---------------------
; Table of Contents ;
---------------------
  1. Legal Notice
  2. Flow Summary
  3. Flow Settings
  4. Flow Non-Default Global Settings
  5. Flow Elapsed Time
  6. Flow OS Summary
  7. Flow Log
  8. Flow Messages
  9. Flow Suppressed Messages



----------------
; Legal Notice ;
----------------
Copyright (C) 2018  Intel Corporation. All rights reserved.
Your use of Intel Corporation's design tools, logic functions 
and other software and tools, and its AMPP partner logic 
functions, and any output files from any of the foregoing 
(including device programming or simulation files), and any 
associated documentation or information are expressly subject 
to the terms and conditions of the Intel Program License 
Subscription Agreement, the Intel Quartus Prime License Agreement,
the Intel FPGA IP License Agreement, or other applicable license
agreement, including, without limitation, that your use is for
the sole purpose of programming logic devices manufactured by
Intel and sold by Intel or its authorized distributors.  Please
refer to the applicable agreement for further details.



+----------------------------------------------------------------------------------+
; Flow Summary                                                                     ;
+------------------------------------+---------------------------------------------+
; Flow Status                        ; Successful - Thu May 02 17:58:17 2019       ;
; Quartus Prime Version              ; 18.1.0 Build 625 09/12/2018 SJ Lite Edition ;
; Revision Name                      ; ISWEARTOCHRIST                              ;
; Top-level Entity Name              ; ISWEARTOCHRIST                              ;
; Family                             ; Cyclone IV E                                ;
; Total logic elements               ; 84 / 6,272 ( 1 % )                          ;
;     Total combinational functions  ; 72 / 6,272 ( 1 % )                          ;
;     Dedicated logic registers      ; 50 / 6,272 ( < 1 % )                        ;
; Total registers                    ; 50                                          ;
; Total pins                         ; 47 / 92 ( 51 % )                            ;
; Total virtual pins                 ; 0                                           ;
; Total memory bits                  ; 54 / 276,480 ( < 1 % )                      ;
; Embedded Multiplier 9-bit elements ; 0 / 30 ( 0 % )                              ;
; Total PLLs                         ; 0 / 2 ( 0 % )                               ;
; Device                             ; EP4CE6E22C6                                 ;
; Timing Models                      ; Final                                       ;
+------------------------------------+---------------------------------------------+


+-----------------------------------------+
; Flow Settings                           ;
+-------------------+---------------------+
; Option            ; Setting             ;
+-------------------+---------------------+
; Start date & time ; 05/02/2019 17:57:53 ;
; Main task         ; Compilation         ;
; Revision Name     ; ISWEARTOCHRIST      ;
+-------------------+---------------------+


+-------------------------------------------------------------------------------------------------------------------------+
; Flow Non-Default Global Settings                                                                                        ;
+-------------------------------------+----------------------------------------+---------------+-------------+------------+
; Assignment Name                     ; Value                                  ; Default Value ; Entity Name ; Section Id ;
+-------------------------------------+----------------------------------------+---------------+-------------+------------+
; COMPILER_SIGNATURE_ID               ; 91770213122.155683787301180            ; --            ; --          ; --         ;
; MISC_FILE                           ; work.bsf                               ; --            ; --          ; --         ;
; MISC_FILE                           ; work_inst.vhd                          ; --            ; --          ; --         ;
; MISC_FILE                           ; work.inc                               ; --            ; --          ; --         ;
; MISC_FILE                           ; work.cmp                               ; --            ; --          ; --         ;
; PARTITION_COLOR                     ; -- (Not supported for targeted family) ; --            ; --          ; Top        ;
; PARTITION_FITTER_PRESERVATION_LEVEL ; -- (Not supported for targeted family) ; --            ; --          ; Top        ;
; PARTITION_NETLIST_TYPE              ; -- (Not supported for targeted family) ; --            ; --          ; Top        ;
; PROJECT_OUTPUT_DIRECTORY            ; output_files                           ; --            ; --          ; --         ;
+-------------------------------------+----------------------------------------+---------------+-------------+------------+


+--------------------------------------------------------------------------------------------------------------------------+
; Flow Elapsed Time                                                                                                        ;
+----------------------+--------------+-------------------------+---------------------+------------------------------------+
; Module Name          ; Elapsed Time ; Average Processors Used ; Peak Virtual Memory ; Total CPU Time (on all processors) ;
+----------------------+--------------+-------------------------+---------------------+------------------------------------+
; Analysis & Synthesis ; 00:00:15     ; 1.0                     ; 4810 MB             ; 00:00:27                           ;
; Fitter               ; 00:00:06     ; 1.0                     ; 5544 MB             ; 00:00:08                           ;
; Assembler            ; 00:00:01     ; 1.0                     ; 4671 MB             ; 00:00:01                           ;
; Timing Analyzer      ; 00:00:03     ; 1.0                     ; 4777 MB             ; 00:00:02                           ;
; Total                ; 00:00:25     ; --                      ; --                  ; 00:00:38                           ;
+----------------------+--------------+-------------------------+---------------------+------------------------------------+


+------------------------------------------------------------------------------------+
; Flow OS Summary                                                                    ;
+----------------------+------------------+------------+------------+----------------+
; Module Name          ; Machine Hostname ; OS Name    ; OS Version ; Processor type ;
+----------------------+------------------+------------+------------+----------------+
; Analysis & Synthesis ; LAPTOP-UFQEEKLC  ; Windows 10 ; 10.0       ; x86_64         ;
; Fitter               ; LAPTOP-UFQEEKLC  ; Windows 10 ; 10.0       ; x86_64         ;
; Assembler            ; LAPTOP-UFQEEKLC  ; Windows 10 ; 10.0       ; x86_64         ;
; Timing Analyzer      ; LAPTOP-UFQEEKLC  ; Windows 10 ; 10.0       ; x86_64         ;
+----------------------+------------------+------------+------------+----------------+


------------
; Flow Log ;
------------
quartus_map --read_settings_files=on --write_settings_files=off ISWEARTOCHRIST -c ISWEARTOCHRIST
quartus_fit --read_settings_files=off --write_settings_files=off ISWEARTOCHRIST -c ISWEARTOCHRIST
quartus_asm --read_settings_files=off --write_settings_files=off ISWEARTOCHRIST -c ISWEARTOCHRIST
quartus_sta ISWEARTOCHRIST -c ISWEARTOCHRIST



